<?xml version="1.0" encoding="UTF-8"?>
<!-- Generated by org.testng.reporters.JUnitReportReporter -->
<testsuite hostname="DESKTOP-LILEBQG" failures="0" tests="1" name="com.tesescripts.demoblaze.launchflipkar" time="3.902" errors="0" timestamp="2023-02-11T07:25:14 IST" skipped="0">
  <testcase classname="com.tesescripts.demoblaze.launchflipkar" name="flpkart" time="3.902"/>
  <system-out/>
</testsuite> <!-- com.tesescripts.demoblaze.launchflipkar -->
